<?xml version="1.0" encoding="UTF-8"?>
<testsuite xmlns:xsi="http://www.w3.org/2001/XMLSchema-instance" xsi:noNamespaceSchemaLocation="https://maven.apache.org/surefire/maven-surefire-plugin/xsd/surefire-test-report.xsd" name="dedal.tests.SignatureTest" time="0.001" tests="1" errors="1" skipped="0" failures="0">
  <properties>
    <property name="osgi.checkConfiguration" value="true"/>
    <property name="awt.toolkit" value="sun.awt.X11.XToolkit"/>
    <property name="java.specification.version" value="11"/>
    <property name="sun.cpu.isalist" value=""/>
    <property name="sun.jnu.encoding" value="ANSI_X3.4-1968"/>
    <property name="org.osgi.framework.version" value="1.9.0"/>
    <property name="java.class.path" value="/mnt/d/mrale/.m2/p2/osgi/bundle/org.eclipse.equinox.launcher/1.5.400.v20190515-0925/org.eclipse.equinox.launcher-1.5.400.v20190515-0925.jar"/>
    <property name="osgi.nl" value="en_US"/>
    <property name="java.vm.vendor" value="Oracle Corporation"/>
    <property name="osgi.bundlefile.limit" value="100"/>
    <property name="osgi.syspath" value="/mnt/d/mrale/.m2/p2/osgi/bundle/org.eclipse.osgi/3.14.0.v20190517-1309"/>
    <property name="sun.arch.data.model" value="64"/>
    <property name="equinox.init.uuid" value="true"/>
    <property name="ds.delayed.keepInstances.default" value="true"/>
    <property name="java.vendor.url" value="http://java.oracle.com/"/>
    <property name="org.osgi.framework.system.capabilities" value="osgi.ee; osgi.ee=&quot;OSGi/Minimum&quot;; version:List&lt;Version&gt;=&quot;1.0, 1.1, 1.2&quot;, osgi.ee; osgi.ee=&quot;JRE&quot;; version:List&lt;Version&gt;=&quot;1.0, 1.1&quot;, osgi.ee; osgi.ee=&quot;JavaSE&quot;; version:List&lt;Version&gt;=&quot;1.0, 1.1, 1.2, 1.3, 1.4, 1.5, 1.6, 1.7, 1.8, 9.0, 10.0, 11.0&quot;,osgi.ee; osgi.ee=&quot;JavaSE/compact1&quot;; version:List&lt;Version&gt;=&quot;1.8, 9.0, 10.0, 11.0&quot;,osgi.ee; osgi.ee=&quot;JavaSE/compact2&quot;; version:List&lt;Version&gt;=&quot;1.8, 9.0, 10.0, 11.0&quot;,osgi.ee; osgi.ee=&quot;JavaSE/compact3&quot;; version:List&lt;Version&gt;=&quot;1.8, 9.0, 10.0, 11.0&quot;"/>
    <property name="user.timezone" value="GMT"/>
    <property name="org.osgi.framework.uuid" value="d52c07be-f589-4b51-a03e-c6f3418c20ab"/>
    <property name="os.name" value="Linux"/>
    <property name="java.vm.specification.version" value="11"/>
    <property name="org.osgi.framework.processor" value="x86-64"/>
    <property name="sun.java.launcher" value="SUN_STANDARD"/>
    <property name="user.country" value="US"/>
    <property name="sun.boot.library.path" value="/usr/lib/jvm/java-11-oracle/lib"/>
    <property name="sun.java.command" value="/mnt/d/mrale/.m2/p2/osgi/bundle/org.eclipse.equinox.launcher/1.5.400.v20190515-0925/org.eclipse.equinox.launcher-1.5.400.v20190515-0925.jar -data /mnt/d/mrale/git/Dedal/fr.ema.dedal.tycho/bundles/fr.ema.dedal.metamodel.tests/target/work/data -install /mnt/d/mrale/git/Dedal/fr.ema.dedal.tycho/bundles/fr.ema.dedal.metamodel.tests/target/work -configuration /mnt/d/mrale/git/Dedal/fr.ema.dedal.tycho/bundles/fr.ema.dedal.metamodel.tests/target/work/configuration -application org.eclipse.tycho.surefire.osgibooter.headlesstest -testproperties /mnt/d/mrale/git/Dedal/fr.ema.dedal.tycho/bundles/fr.ema.dedal.metamodel.tests/target/surefire.properties"/>
    <property name="jdk.debug" value="release"/>
    <property name="org.osgi.supports.framework.requirebundle" value="true"/>
    <property name="sun.cpu.endian" value="little"/>
    <property name="osgi.logfile" value="/mnt/d/mrale/git/Dedal/fr.ema.dedal.tycho/bundles/fr.ema.dedal.metamodel.tests/target/work/configuration/1566136450796.log"/>
    <property name="osgi.arch" value="x86_64"/>
    <property name="user.home" value="/home/alex"/>
    <property name="osgi.install.area" value="file:/mnt/d/mrale/git/Dedal/fr.ema.dedal.tycho/bundles/fr.ema.dedal.metamodel.tests/target/work/"/>
    <property name="user.language" value="en"/>
    <property name="java.specification.vendor" value="Oracle Corporation"/>
    <property name="org.osgi.framework.language" value="en"/>
    <property name="org.osgi.framework.system.packages" value="com.sun.jarsigner, com.sun.java.accessibility.util, com.sun.javadoc, com.sun.jdi, com.sun.jdi.connect, com.sun.jdi.connect.spi, com.sun.jdi.event, com.sun.jdi.request, com.sun.management, com.sun.net.httpserver, com.sun.net.httpserver.spi, com.sun.nio.file, com.sun.nio.sctp, com.sun.security.auth, com.sun.security.auth.callback, com.sun.security.auth.login, com.sun.security.auth.module, com.sun.security.jgss, com.sun.source.doctree, com.sun.source.tree, com.sun.source.util, com.sun.tools.attach, com.sun.tools.attach.spi, com.sun.tools.javac, com.sun.tools.javadoc, com.sun.tools.jconsole, java.applet, java.awt, java.awt.color, java.awt.datatransfer, java.awt.desktop, java.awt.dnd, java.awt.event, java.awt.font, java.awt.geom, java.awt.im, java.awt.im.spi, java.awt.image, java.awt.image.renderable, java.awt.print, java.beans, java.beans.beancontext, java.io, java.lang, java.lang.annotation, java.lang.instrument, java.lang.invoke, java.lang.management, java.lang.module, java.lang.ref, java.lang.reflect, java.math, java.net, java.net.http, java.net.spi, java.nio, java.nio.channels, java.nio.channels.spi, java.nio.charset, java.nio.charset.spi, java.nio.file, java.nio.file.attribute, java.nio.file.spi, java.rmi, java.rmi.activation, java.rmi.dgc, java.rmi.registry, java.rmi.server, java.security, java.security.acl, java.security.cert, java.security.interfaces, java.security.spec, java.sql, java.text, java.text.spi, java.time, java.time.chrono, java.time.format, java.time.temporal, java.time.zone, java.util, java.util.concurrent, java.util.concurrent.atomic, java.util.concurrent.locks, java.util.function, java.util.jar, java.util.logging, java.util.prefs, java.util.regex, java.util.spi, java.util.stream, java.util.zip, javax.accessibility, javax.annotation.processing, javax.crypto, javax.crypto.interfaces, javax.crypto.spec, javax.imageio, javax.imageio.event, javax.imageio.metadata, javax.imageio.plugins.bmp, javax.imageio.plugins.jpeg, javax.imageio.plugins.tiff, javax.imageio.spi, javax.imageio.stream, javax.lang.model, javax.lang.model.element, javax.lang.model.type, javax.lang.model.util, javax.management, javax.management.loading, javax.management.modelmbean, javax.management.monitor, javax.management.openmbean, javax.management.relation, javax.management.remote, javax.management.remote.rmi, javax.management.timer, javax.naming, javax.naming.directory, javax.naming.event, javax.naming.ldap, javax.naming.spi, javax.net, javax.net.ssl, javax.print, javax.print.attribute, javax.print.attribute.standard, javax.print.event, javax.rmi.ssl, javax.script, javax.security.auth, javax.security.auth.callback, javax.security.auth.kerberos, javax.security.auth.login, javax.security.auth.spi, javax.security.auth.x500, javax.security.cert, javax.security.sasl, javax.smartcardio, javax.sound.midi, javax.sound.midi.spi, javax.sound.sampled, javax.sound.sampled.spi, javax.sql, javax.sql.rowset, javax.sql.rowset.serial, javax.sql.rowset.spi, javax.swing, javax.swing.border, javax.swing.colorchooser, javax.swing.event, javax.swing.filechooser, javax.swing.plaf, javax.swing.plaf.basic, javax.swing.plaf.metal, javax.swing.plaf.multi, javax.swing.plaf.nimbus, javax.swing.plaf.synth, javax.swing.table, javax.swing.text, javax.swing.text.html, javax.swing.text.html.parser, javax.swing.text.rtf, javax.swing.tree, javax.swing.undo, javax.tools, javax.transaction.xa, javax.xml, javax.xml.catalog, javax.xml.crypto, javax.xml.crypto.dom, javax.xml.crypto.dsig, javax.xml.crypto.dsig.dom, javax.xml.crypto.dsig.keyinfo, javax.xml.crypto.dsig.spec, javax.xml.datatype, javax.xml.namespace, javax.xml.parsers, javax.xml.stream, javax.xml.stream.events, javax.xml.stream.util, javax.xml.transform, javax.xml.transform.dom, javax.xml.transform.sax, javax.xml.transform.stax, javax.xml.transform.stream, javax.xml.validation, javax.xml.xpath, jdk.dynalink, jdk.dynalink.beans, jdk.dynalink.linker, jdk.dynalink.linker.support, jdk.dynalink.support, jdk.javadoc.doclet, jdk.jfr, jdk.jfr.consumer, jdk.jshell, jdk.jshell.execution, jdk.jshell.spi, jdk.jshell.tool, jdk.management.jfr, jdk.nashorn.api.scripting, jdk.nashorn.api.tree, jdk.net, jdk.nio, jdk.security.jarsigner, jdk.swing.interop, netscape.javascript, org.ietf.jgss, org.w3c.dom, org.w3c.dom.bootstrap, org.w3c.dom.css, org.w3c.dom.events, org.w3c.dom.html, org.w3c.dom.ls, org.w3c.dom.ranges, org.w3c.dom.stylesheets, org.w3c.dom.traversal, org.w3c.dom.views, org.w3c.dom.xpath, org.xml.sax, org.xml.sax.ext, org.xml.sax.helpers, sun.misc, sun.reflect"/>
    <property name="gosh.args" value="--nointeractive"/>
    <property name="eclipse.application" value="org.eclipse.tycho.surefire.osgibooter.headlesstest"/>
    <property name="java.version.date" value="2019-01-15"/>
    <property name="java.home" value="/usr/lib/jvm/java-11-oracle"/>
    <property name="file.separator" value="/"/>
    <property name="osgi.noShutdown" value="false"/>
    <property name="java.vm.compressedOopsMode" value="Zero based"/>
    <property name="line.separator" value="&#10;"/>
    <property name="org.osgi.framework.executionenvironment" value="OSGi/Minimum-1.0, OSGi/Minimum-1.1, OSGi/Minimum-1.2, JavaSE/compact1-1.8, JavaSE/compact2-1.8, JavaSE/compact3-1.8, JRE-1.1, J2SE-1.2, J2SE-1.3, J2SE-1.4, J2SE-1.5, JavaSE-1.6, JavaSE-1.7, JavaSE-1.8, JavaSE-9, JavaSE-10, JavaSE-11"/>
    <property name="java.specification.name" value="Java Platform API Specification"/>
    <property name="java.vm.specification.vendor" value="Oracle Corporation"/>
    <property name="osgi.compatibility.bootdelegation.default" value="true"/>
    <property name="java.awt.graphicsenv" value="sun.awt.X11GraphicsEnvironment"/>
    <property name="ds.delayed.keepInstances" value="true"/>
    <property name="sun.management.compiler" value="HotSpot 64-Bit Tiered Compilers"/>
    <property name="java.runtime.version" value="11.0.2+9-LTS"/>
    <property name="user.name" value="alex"/>
    <property name="eclipse.commands" value="-data&#10;/mnt/d/mrale/git/Dedal/fr.ema.dedal.tycho/bundles/fr.ema.dedal.metamodel.tests/target/work/data&#10;-install&#10;/mnt/d/mrale/git/Dedal/fr.ema.dedal.tycho/bundles/fr.ema.dedal.metamodel.tests/target/work&#10;-configuration&#10;/mnt/d/mrale/git/Dedal/fr.ema.dedal.tycho/bundles/fr.ema.dedal.metamodel.tests/target/work/configuration&#10;-application&#10;org.eclipse.tycho.surefire.osgibooter.headlesstest&#10;-testproperties&#10;/mnt/d/mrale/git/Dedal/fr.ema.dedal.tycho/bundles/fr.ema.dedal.metamodel.tests/target/surefire.properties&#10;"/>
    <property name="path.separator" value=":"/>
    <property name="osgi.framework.useSystemProperties" value="true"/>
    <property name="osgi.compatibility.bootdelegation" value="true"/>
    <property name="os.version" value="4.4.0-17134-Microsoft"/>
    <property name="org.osgi.framework.vendor" value="Eclipse"/>
    <property name="java.runtime.name" value="Java(TM) SE Runtime Environment"/>
    <property name="org.osgi.supports.framework.fragment" value="true"/>
    <property name="file.encoding" value="ANSI_X3.4-1968"/>
    <property name="osgi.bundles" value="reference:file:/mnt/d/mrale/.m2/p2/osgi/bundle/com.ibm.icu.base/58.2.0.v20181010-1334/com.ibm.icu.base-58.2.0.v20181010-1334.jar,reference:file:/mnt/d/mrale/git/Dedal/fr.ema.dedal.tycho/bundles/fr.ema.dedal.metamodel/target/fr.ema.dedal.metamodel-1.0.0-SNAPSHOT.jar,reference:file:/mnt/d/mrale/.m2/p2/osgi/bundle/org.eclipse.core.runtime/3.15.300.v20190508-0543/org.eclipse.core.runtime-3.15.300.v20190508-0543.jar@4:start,reference:file:/mnt/d/mrale/.m2/p2/osgi/bundle/org.eclipse.emf.codegen.ecore/2.18.0.v20190528-0725/org.eclipse.emf.codegen.ecore-2.18.0.v20190528-0725.jar,reference:file:/mnt/d/mrale/git/Dedal/fr.ema.dedal.tycho/bundles/fr.ema.dedal.metamodel.tests,reference:file:/mnt/d/mrale/.m2/p2/osgi/bundle/org.eclipse.emf.ecore.xmi/2.16.0.v20190528-0725/org.eclipse.emf.ecore.xmi-2.16.0.v20190528-0725.jar,reference:file:/mnt/d/mrale/.m2/p2/osgi/bundle/org.junit/4.12.0.v201504281640/org.junit-4.12.0.v201504281640.jar,reference:file:/mnt/d/mrale/.m2/p2/osgi/bundle/javax.annotation/1.2.0.v201602091430/javax.annotation-1.2.0.v201602091430.jar,reference:file:/mnt/d/mrale/.m2/p2/osgi/bundle/org.apache.batik.util/1.11.0.v20190515-0436/org.apache.batik.util-1.11.0.v20190515-0436.jar,reference:file:/mnt/d/mrale/.m2/p2/osgi/bundle/org.apache.batik.constants/1.11.0.v20190515-0436/org.apache.batik.constants-1.11.0.v20190515-0436.jar,reference:file:/mnt/d/mrale/.m2/p2/osgi/bundle/org.apache.batik.css/1.11.0.v20190515-0436/org.apache.batik.css-1.11.0.v20190515-0436.jar,reference:file:/mnt/d/mrale/.m2/p2/osgi/bundle/org.apache.batik.i18n/1.11.0.v20190515-0436/org.apache.batik.i18n-1.11.0.v20190515-0436.jar,reference:file:/mnt/d/mrale/.m2/p2/osgi/bundle/org.w3c.css.sac/1.3.1.v200903091627/org.w3c.css.sac-1.3.1.v200903091627.jar,reference:file:/mnt/d/mrale/.m2/p2/osgi/bundle/org.w3c.dom.svg/1.1.0.v201011041433/org.w3c.dom.svg-1.1.0.v201011041433.jar,reference:file:/mnt/d/mrale/.m2/p2/osgi/bundle/org.w3c.dom.smil/1.0.1.v200903091627/org.w3c.dom.smil-1.0.1.v200903091627.jar,reference:file:/mnt/d/mrale/.m2/p2/osgi/bundle/org.apache.xmlgraphics/2.3.0.v20190515-0436/org.apache.xmlgraphics-2.3.0.v20190515-0436.jar,reference:file:/mnt/d/mrale/.m2/p2/osgi/bundle/org.w3c.dom.events/3.0.0.draft20060413_v201105210656/org.w3c.dom.events-3.0.0.draft20060413_v201105210656.jar,reference:file:/mnt/d/mrale/.m2/p2/osgi/bundle/org.apache.commons.logging/1.2.0.v20180409-1502/org.apache.commons.logging-1.2.0.v20180409-1502.jar,reference:file:/mnt/d/mrale/.m2/p2/osgi/bundle/org.apache.commons.io/2.6.0.v20190123-2029/org.apache.commons.io-2.6.0.v20190123-2029.jar,reference:file:/mnt/d/mrale/.m2/p2/osgi/bundle/org.eclipse.osgi.services/3.8.0.v20190206-2147/org.eclipse.osgi.services-3.8.0.v20190206-2147.jar,reference:file:/mnt/d/mrale/.m2/p2/osgi/bundle/org.apache.felix.scr/2.1.14.v20190123-1619/org.apache.felix.scr-2.1.14.v20190123-1619.jar@1:start,reference:file:/mnt/d/mrale/.m2/p2/osgi/bundle/org.eclipse.osgi.util/3.5.200.v20190115-2323/org.eclipse.osgi.util-3.5.200.v20190115-2323.jar,reference:file:/mnt/d/mrale/.m2/p2/osgi/bundle/org.eclipse.compare/3.7.600.v20190519-2354/org.eclipse.compare-3.7.600.v20190519-2354.jar,reference:file:/mnt/d/mrale/.m2/p2/osgi/bundle/org.eclipse.ui/3.113.0.v20190513-2118/org.eclipse.ui-3.113.0.v20190513-2118.jar,reference:file:/mnt/d/mrale/.m2/p2/osgi/bundle/org.eclipse.core.resources/3.13.400.v20190505-1655/org.eclipse.core.resources-3.13.400.v20190505-1655.jar,reference:file:/mnt/d/mrale/.m2/p2/osgi/bundle/org.eclipse.jface.text/3.15.200.v20190519-2344/org.eclipse.jface.text-3.15.200.v20190519-2344.jar,reference:file:/mnt/d/mrale/.m2/p2/osgi/bundle/org.eclipse.ui.ide/3.15.200.v20190519-2104/org.eclipse.ui.ide-3.15.200.v20190519-2104.jar,reference:file:/mnt/d/mrale/.m2/p2/osgi/bundle/org.eclipse.ui.views/3.9.400.v20190517-1612/org.eclipse.ui.views-3.9.400.v20190517-1612.jar,reference:file:/mnt/d/mrale/.m2/p2/osgi/bundle/org.eclipse.ui.workbench.texteditor/3.12.0.v20190519-2344/org.eclipse.ui.workbench.texteditor-3.12.0.v20190519-2344.jar,reference:file:/mnt/d/mrale/.m2/p2/osgi/bundle/org.eclipse.core.expressions/3.6.400.v20190518-1240/org.eclipse.core.expressions-3.6.400.v20190518-1240.jar,reference:file:/mnt/d/mrale/.m2/p2/osgi/bundle/org.eclipse.ui.editors/3.11.500.v20190519-2344/org.eclipse.ui.editors-3.11.500.v20190519-2344.jar,reference:file:/mnt/d/mrale/.m2/p2/osgi/bundle/org.eclipse.ui.forms/3.8.0.v20190519-1034/org.eclipse.ui.forms-3.8.0.v20190519-1034.jar,reference:file:/mnt/d/mrale/.m2/p2/osgi/bundle/org.eclipse.compare.core/3.6.500.v20190519-2354/org.eclipse.compare.core-3.6.500.v20190519-2354.jar,reference:file:/mnt/d/mrale/.m2/p2/osgi/bundle/org.eclipse.core.commands/3.9.400.v20190516-1358/org.eclipse.core.commands-3.9.400.v20190516-1358.jar,reference:file:/mnt/d/mrale/.m2/p2/osgi/bundle/org.eclipse.equinox.common/3.10.400.v20190516-1504/org.eclipse.equinox.common-3.10.400.v20190516-1504.jar@2:start,reference:file:/mnt/d/mrale/.m2/p2/osgi/bundle/org.eclipse.core.contenttype/3.7.300.v20190215-2048/org.eclipse.core.contenttype-3.7.300.v20190215-2048.jar,reference:file:/mnt/d/mrale/.m2/p2/osgi/bundle/org.eclipse.equinox.preferences/3.7.400.v20190516-1504/org.eclipse.equinox.preferences-3.7.400.v20190516-1504.jar,reference:file:/mnt/d/mrale/.m2/p2/osgi/bundle/org.eclipse.equinox.registry/3.8.400.v20190516-1504/org.eclipse.equinox.registry-3.8.400.v20190516-1504.jar,reference:file:/mnt/d/mrale/.m2/p2/osgi/bundle/org.eclipse.core.databinding/1.7.400.v20190513-2118/org.eclipse.core.databinding-1.7.400.v20190513-2118.jar,reference:file:/mnt/d/mrale/.m2/p2/osgi/bundle/org.eclipse.core.databinding.observable/1.7.0.v20190515-0910/org.eclipse.core.databinding.observable-1.7.0.v20190515-0910.jar,reference:file:/mnt/d/mrale/.m2/p2/osgi/bundle/org.eclipse.core.databinding.property/1.7.0.v20190510-1100/org.eclipse.core.databinding.property-1.7.0.v20190510-1100.jar,reference:file:/mnt/d/mrale/.m2/p2/osgi/bundle/org.eclipse.core.filebuffers/3.6.600.v20190519-2344/org.eclipse.core.filebuffers-3.6.600.v20190519-2344.jar,reference:file:/mnt/d/mrale/.m2/p2/osgi/bundle/org.eclipse.text/3.8.200.v20190519-2344/org.eclipse.text-3.8.200.v20190519-2344.jar,reference:file:/mnt/d/mrale/.m2/p2/osgi/bundle/org.eclipse.core.filesystem/1.7.400.v20190518-1151/org.eclipse.core.filesystem-1.7.400.v20190518-1151.jar,reference:file:/mnt/d/mrale/.m2/p2/osgi/bundle/org.eclipse.core.jobs/3.10.400.v20190506-1457/org.eclipse.core.jobs-3.10.400.v20190506-1457.jar,reference:file:/mnt/d/mrale/.m2/p2/osgi/bundle/org.eclipse.core.net/1.3.500.v20190519-2354/org.eclipse.core.net-1.3.500.v20190519-2354.jar,reference:file:/mnt/d/mrale/.m2/p2/osgi/bundle/org.eclipse.equinox.security/1.3.200.v20190516-1504/org.eclipse.equinox.security-1.3.200.v20190516-1504.jar,reference:file:/mnt/d/mrale/.m2/p2/osgi/bundle/org.eclipse.equinox.app/1.4.200.v20190516-1504/org.eclipse.equinox.app-1.4.200.v20190516-1504.jar,reference:file:/mnt/d/mrale/.m2/p2/osgi/bundle/org.eclipse.core.variables/3.4.500.v20190510-0549/org.eclipse.core.variables-3.4.500.v20190510-0549.jar,reference:file:/mnt/d/mrale/.m2/p2/osgi/bundle/org.eclipse.debug.core/3.13.300.v20190514-0832/org.eclipse.debug.core-3.13.300.v20190514-0832.jar,reference:file:/mnt/d/mrale/.m2/p2/osgi/bundle/org.eclipse.e4.core.commands/0.12.600.v20190510-1100/org.eclipse.e4.core.commands-0.12.600.v20190510-1100.jar,reference:file:/mnt/d/mrale/.m2/p2/osgi/bundle/org.eclipse.e4.core.di/1.7.200.v20190506-1457/org.eclipse.e4.core.di-1.7.200.v20190506-1457.jar,reference:file:/mnt/d/mrale/.m2/p2/osgi/bundle/javax.inject/1.0.0.v20091030/javax.inject-1.0.0.v20091030.jar,reference:file:/mnt/d/mrale/.m2/p2/osgi/bundle/org.eclipse.e4.core.contexts/1.8.100.v20190518-1217/org.eclipse.e4.core.contexts-1.8.100.v20190518-1217.jar,reference:file:/mnt/d/mrale/.m2/p2/osgi/bundle/org.eclipse.e4.core.services/2.1.400.v20181215-2145/org.eclipse.e4.core.services-2.1.400.v20181215-2145.jar,reference:file:/mnt/d/mrale/.m2/p2/osgi/bundle/org.eclipse.e4.core.di.annotations/1.6.400.v20190518-1217/org.eclipse.e4.core.di.annotations-1.6.400.v20190518-1217.jar,reference:file:/mnt/d/mrale/.m2/p2/osgi/bundle/org.eclipse.e4.core.di.extensions/0.15.300.v20190213-1308/org.eclipse.e4.core.di.extensions-0.15.300.v20190213-1308.jar,reference:file:/mnt/d/mrale/.m2/p2/osgi/bundle/org.eclipse.e4.core.di.extensions.supplier/0.15.300.v20190506-1457/org.eclipse.e4.core.di.extensions.supplier-0.15.300.v20190506-1457.jar,reference:file:/mnt/d/mrale/.m2/p2/osgi/bundle/org.eclipse.e4.emf.xpath/0.2.300.v20190513-2118/org.eclipse.e4.emf.xpath-0.2.300.v20190513-2118.jar,reference:file:/mnt/d/mrale/.m2/p2/osgi/bundle/org.apache.commons.jxpath/1.3.0.v200911051830/org.apache.commons.jxpath-1.3.0.v200911051830.jar,reference:file:/mnt/d/mrale/.m2/p2/osgi/bundle/org.eclipse.emf.ecore/2.18.0.v20190528-0845/org.eclipse.emf.ecore-2.18.0.v20190528-0845.jar,reference:file:/mnt/d/mrale/.m2/p2/osgi/bundle/org.eclipse.e4.ui.bindings/0.12.500.v20190510-1100/org.eclipse.e4.ui.bindings-0.12.500.v20190510-1100.jar,reference:file:/mnt/d/mrale/.m2/p2/osgi/bundle/org.eclipse.swt/3.111.0.v20190605-1801/org.eclipse.swt-3.111.0.v20190605-1801.jar,reference:file:/mnt/d/mrale/.m2/p2/osgi/bundle/org.eclipse.jface/3.16.0.v20190528-0922/org.eclipse.jface-3.16.0.v20190528-0922.jar,reference:file:/mnt/d/mrale/.m2/p2/osgi/bundle/org.eclipse.e4.ui.css.core/0.12.700.v20190513-2118/org.eclipse.e4.ui.css.core-0.12.700.v20190513-2118.jar,reference:file:/mnt/d/mrale/.m2/p2/osgi/bundle/org.eclipse.e4.ui.css.swt/0.13.500.v20190513-2118/org.eclipse.e4.ui.css.swt-0.13.500.v20190513-2118.jar,reference:file:/mnt/d/mrale/.m2/p2/osgi/bundle/org.eclipse.e4.ui.css.swt.theme/0.12.300.v20190510-1100/org.eclipse.e4.ui.css.swt.theme-0.12.300.v20190510-1100.jar,reference:file:/mnt/d/mrale/.m2/p2/osgi/bundle/org.eclipse.e4.ui.di/1.2.600.v20190510-1100/org.eclipse.e4.ui.di-1.2.600.v20190510-1100.jar,reference:file:/mnt/d/mrale/.m2/p2/osgi/bundle/org.eclipse.e4.ui.model.workbench/2.1.400.v20190513-2118/org.eclipse.e4.ui.model.workbench-2.1.400.v20190513-2118.jar,reference:file:/mnt/d/mrale/.m2/p2/osgi/bundle/org.eclipse.e4.ui.services/1.3.500.v20190513-2118/org.eclipse.e4.ui.services-1.3.500.v20190513-2118.jar,reference:file:/mnt/d/mrale/.m2/p2/osgi/bundle/org.eclipse.equinox.event/1.5.100.v20190528-1257/org.eclipse.equinox.event-1.5.100.v20190528-1257.jar,reference:file:/mnt/d/mrale/.m2/p2/osgi/bundle/org.eclipse.e4.ui.widgets/1.2.400.v20190510-1100/org.eclipse.e4.ui.widgets-1.2.400.v20190510-1100.jar,reference:file:/mnt/d/mrale/.m2/p2/osgi/bundle/org.eclipse.e4.ui.workbench/1.10.0.v20190529-1505/org.eclipse.e4.ui.workbench-1.10.0.v20190529-1505.jar,reference:file:/mnt/d/mrale/.m2/p2/osgi/bundle/org.eclipse.emf.ecore.change/2.14.0.v20190528-0725/org.eclipse.emf.ecore.change-2.14.0.v20190528-0725.jar,reference:file:/mnt/d/mrale/.m2/p2/osgi/bundle/org.eclipse.e4.ui.workbench.addons.swt/1.3.500.v20190513-2118/org.eclipse.e4.ui.workbench.addons.swt-1.3.500.v20190513-2118.jar,reference:file:/mnt/d/mrale/.m2/p2/osgi/bundle/org.eclipse.e4.ui.workbench.renderers.swt/0.14.700.v20190517-1525/org.eclipse.e4.ui.workbench.renderers.swt-0.14.700.v20190517-1525.jar,reference:file:/mnt/d/mrale/.m2/p2/osgi/bundle/org.eclipse.e4.ui.workbench.swt/0.14.600.v20190513-2118/org.eclipse.e4.ui.workbench.swt-0.14.600.v20190513-2118.jar,reference:file:/mnt/d/mrale/.m2/p2/osgi/bundle/org.eclipse.jface.databinding/1.9.0.v20190519-0933/org.eclipse.jface.databinding-1.9.0.v20190519-0933.jar,reference:file:/mnt/d/mrale/.m2/p2/osgi/bundle/org.eclipse.e4.ui.workbench3/0.15.100.v20190513-2118/org.eclipse.e4.ui.workbench3-0.15.100.v20190513-2118.jar,reference:file:/mnt/d/mrale/.m2/p2/osgi/bundle/org.eclipse.emf.codegen/2.16.0.v20190418-0907/org.eclipse.emf.codegen-2.16.0.v20190418-0907.jar,reference:file:/mnt/d/mrale/.m2/p2/osgi/bundle/org.eclipse.emf.common/2.16.0.v20190528-0845/org.eclipse.emf.common-2.16.0.v20190528-0845.jar,reference:file:/mnt/d/mrale/.m2/p2/osgi/bundle/org.eclipse.jdt.core/3.18.0.v20190522-0428/org.eclipse.jdt.core-3.18.0.v20190522-0428.jar,reference:file:/mnt/d/mrale/.m2/p2/osgi/bundle/org.eclipse.jdt.launching/3.14.0.v20190508-0531/org.eclipse.jdt.launching-3.14.0.v20190508-0531.jar,reference:file:/mnt/d/mrale/.m2/p2/osgi/bundle/org.eclipse.equinox.bidi/1.2.0.v20190514-1046/org.eclipse.equinox.bidi-1.2.0.v20190514-1046.jar,reference:file:/mnt/d/mrale/.m2/p2/osgi/bundle/org.eclipse.equinox.launcher/1.5.400.v20190515-0925/org.eclipse.equinox.launcher-1.5.400.v20190515-0925.jar,reference:file:/mnt/d/mrale/.m2/p2/osgi/bundle/org.eclipse.equinox.p2.core/2.6.0.v20190215-2242/org.eclipse.equinox.p2.core-2.6.0.v20190215-2242.jar,reference:file:/mnt/d/mrale/.m2/p2/osgi/bundle/org.eclipse.equinox.p2.engine/2.6.300.v20190318-1320/org.eclipse.equinox.p2.engine-2.6.300.v20190318-1320.jar,reference:file:/mnt/d/mrale/.m2/p2/osgi/bundle/org.eclipse.equinox.p2.metadata/2.4.400.v20190409-0548/org.eclipse.equinox.p2.metadata-2.4.400.v20190409-0548.jar,reference:file:/mnt/d/mrale/.m2/p2/osgi/bundle/org.eclipse.equinox.p2.metadata.repository/1.3.100.v20180822-1302/org.eclipse.equinox.p2.metadata.repository-1.3.100.v20180822-1302.jar,reference:file:/mnt/d/mrale/.m2/p2/osgi/bundle/org.eclipse.equinox.p2.repository/2.4.400.v20190318-1320/org.eclipse.equinox.p2.repository-2.4.400.v20190318-1320.jar,reference:file:/mnt/d/mrale/.m2/p2/osgi/bundle/org.tukaani.xz/1.8.0.v20180207-1613/org.tukaani.xz-1.8.0.v20180207-1613.jar,reference:file:/mnt/d/mrale/.m2/p2/osgi/bundle/org.eclipse.help/3.8.400.v20190423-0921/org.eclipse.help-3.8.400.v20190423-0921.jar,reference:file:/mnt/d/mrale/git/Dedal/fr.ema.dedal.tycho/bundles/fr.ema.dedal.metamodel.tests/target/work/plugins/org.eclipse.jdt.debug_3.13.0.v20190521-1707,reference:file:/mnt/d/mrale/.m2/p2/osgi/bundle/org.eclipse.ltk.core.refactoring/3.10.100.v20190510-0840/org.eclipse.ltk.core.refactoring-3.10.100.v20190510-0840.jar,reference:file:/mnt/d/mrale/.m2/p2/osgi/bundle/org.eclipse.ltk.ui.refactoring/3.9.400.v20190510-0840/org.eclipse.ltk.ui.refactoring-3.9.400.v20190510-0840.jar,reference:file:/mnt/d/mrale/.m2/p2/osgi/bundle/org.eclipse.ui.navigator/3.8.0.v20190519-2104/org.eclipse.ui.navigator-3.8.0.v20190519-2104.jar,reference:file:/mnt/d/mrale/.m2/p2/osgi/bundle/org.eclipse.team.core/3.8.600.v20190519-2354/org.eclipse.team.core-3.8.600.v20190519-2354.jar,reference:file:/mnt/d/mrale/.m2/p2/osgi/bundle/org.eclipse.team.ui/3.8.500.v20190519-2354/org.eclipse.team.ui-3.8.500.v20190519-2354.jar,reference:file:/mnt/d/mrale/.m2/p2/osgi/bundle/org.eclipse.swt.gtk.linux.x86_64/3.111.0.v20190605-1801/org.eclipse.swt.gtk.linux.x86_64-3.111.0.v20190605-1801.jar,reference:file:/mnt/d/mrale/.m2/p2/osgi/bundle/org.eclipse.ui.workbench/3.115.0.v20190521-1602/org.eclipse.ui.workbench-3.115.0.v20190521-1602.jar,reference:file:/mnt/d/mrale/.m2/p2/osgi/bundle/org.eclipse.ui.ide.application/1.3.300.v20190513-2118/org.eclipse.ui.ide.application-1.3.300.v20190513-2118.jar,reference:file:/mnt/d/mrale/.m2/p2/osgi/bundle/org.eclipse.ui.navigator.resources/3.6.500.v20190519-2104/org.eclipse.ui.navigator.resources-3.6.500.v20190519-2104.jar,reference:file:/mnt/d/mrale/.m2/p2/osgi/bundle/org.eclipse.urischeme/1.0.300.v20190514-0858/org.eclipse.urischeme-1.0.300.v20190514-0858.jar,reference:file:/mnt/d/mrale/.m2/p2/osgi/bundle/org.eclipse.ui.views.properties.tabbed/3.8.500.v20190513-2118/org.eclipse.ui.views.properties.tabbed-3.8.500.v20190513-2118.jar,reference:file:/mnt/d/mrale/.m2/p2/osgi/bundle/org.hamcrest.core/1.3.0.v20180420-1519/org.hamcrest.core-1.3.0.v20180420-1519.jar,reference:file:/mnt/d/mrale/.m2/p2/osgi/bundle/org.eclipse.swt.win32.win32.x86_64/3.111.0.v20190605-1801/org.eclipse.swt.win32.win32.x86_64-3.111.0.v20190605-1801.jar,reference:file:/mnt/d/mrale/.m2/p2/osgi/bundle/org.eclipse.swt.cocoa.macosx.x86_64/3.111.0.v20190605-1801/org.eclipse.swt.cocoa.macosx.x86_64-3.111.0.v20190605-1801.jar,reference:file:/mnt/d/mrale/.m2/org/eclipse/tycho/org.eclipse.tycho.surefire.osgibooter/1.3.0/org.eclipse.tycho.surefire.osgibooter-1.3.0.jar,reference:file:/mnt/d/mrale/.m2/org/eclipse/tycho/org.eclipse.tycho.surefire.junit4/1.3.0/org.eclipse.tycho.surefire.junit4-1.3.0.jar"/>
    <property name="osgi.framework.shape" value="jar"/>
    <property name="java.vm.name" value="Java HotSpot(TM) 64-Bit Server VM"/>
    <property name="java.vendor.version" value="18.9"/>
    <property name="osgi.framework" value="file:/mnt/d/mrale/.m2/p2/osgi/bundle/org.eclipse.osgi/3.14.0.v20190517-1309/org.eclipse.osgi-3.14.0.v20190517-1309.jar"/>
    <property name="osgi.dev" value="file:/mnt/d/mrale/git/Dedal/fr.ema.dedal.tycho/bundles/fr.ema.dedal.metamodel.tests/target/work/dev.properties"/>
    <property name="osgi.configuration.area" value="file:/mnt/d/mrale/git/Dedal/fr.ema.dedal.tycho/bundles/fr.ema.dedal.metamodel.tests/target/work/configuration/"/>
    <property name="osgi.os" value="linux"/>
    <property name="osgi.clean" value="true"/>
    <property name="java.vendor.url.bug" value="http://bugreport.java.com/bugreport/"/>
    <property name="java.io.tmpdir" value="/tmp"/>
    <property name="eclipse.home.location" value="file:/mnt/d/mrale/git/Dedal/fr.ema.dedal.tycho/bundles/fr.ema.dedal.metamodel.tests/target/work/"/>
    <property name="org.osgi.framework.os.name" value="Linux"/>
    <property name="org.osgi.supports.framework.extension" value="true"/>
    <property name="java.version" value="11.0.2"/>
    <property name="org.osgi.framework.storage" value="/mnt/d/mrale/git/Dedal/fr.ema.dedal.tycho/bundles/fr.ema.dedal.metamodel.tests/target/work/configuration"/>
    <property name="user.dir" value="/mnt/d/mrale/git/Dedal/fr.ema.dedal.tycho/bundles/fr.ema.dedal.metamodel.tests"/>
    <property name="os.arch" value="amd64"/>
    <property name="osgi.ws" value="gtk"/>
    <property name="osgi.instance.area" value="file:/mnt/d/mrale/git/Dedal/fr.ema.dedal.tycho/bundles/fr.ema.dedal.metamodel.tests/target/work/data/"/>
    <property name="osgi.bundles.defaultStartLevel" value="4"/>
    <property name="java.vm.specification.name" value="Java Virtual Machine Specification"/>
    <property name="java.awt.printerjob" value="sun.print.PSPrinterJob"/>
    <property name="sun.os.patch.level" value="unknown"/>
    <property name="osgi.configuration.cascaded" value="false"/>
    <property name="eclipse.startTime" value="1566136450683"/>
    <property name="java.library.path" value="/usr/java/packages/lib:/usr/lib64:/lib64:/lib:/usr/lib"/>
    <property name="org.osgi.framework.os.version" value="4.4.0"/>
    <property name="java.vendor" value="Oracle Corporation"/>
    <property name="java.vm.info" value="mixed mode"/>
    <property name="java.vm.version" value="11.0.2+9-LTS"/>
    <property name="sun.io.unicode.encoding" value="UnicodeLittle"/>
    <property name="eclipse.stateSaveDelayInterval" value="30000"/>
    <property name="java.class.version" value="55.0"/>
  </properties>
  <testcase name="initializationError" classname="dedal.tests.SignatureTest" time="0">
    <error message="dedal/Signature" type="java.lang.NoClassDefFoundError">java.lang.NoClassDefFoundError: dedal/Signature
Caused by: java.lang.ClassNotFoundException: dedal.Signature cannot be found by fr.ema.dedal.metamodel.tests_1.0.0.qualifier
</error>
  </testcase>
</testsuite>